GROUP,PACKAGE,CLASS,INSTRUCTION_MISSED,INSTRUCTION_COVERED,BRANCH_MISSED,BRANCH_COVERED,LINE_MISSED,LINE_COVERED,COMPLEXITY_MISSED,COMPLEXITY_COVERED,METHOD_MISSED,METHOD_COVERED
MeetingPlanner,edu.sc.csce747.MeetingPlanner,Organization,6,149,0,8,2,28,2,7,2,3
MeetingPlanner,edu.sc.csce747.MeetingPlanner,TimeConflictException,19,4,0,0,8,2,4,1,4,1
MeetingPlanner,edu.sc.csce747.MeetingPlanner,Meeting,1,251,3,13,0,72,3,26,0,21
MeetingPlanner,edu.sc.csce747.MeetingPlanner,Person,6,79,3,1,1,22,2,9,0,9
MeetingPlanner,edu.sc.csce747.MeetingPlanner,Calendar,30,452,18,40,6,71,13,25,0,9
MeetingPlanner,edu.sc.csce747.MeetingPlanner,PlannerInterface,947,0,102,0,241,0,61,0,10,0
MeetingPlanner,edu.sc.csce747.MeetingPlanner,Room,1,77,1,1,1,21,1,9,0,9
MeetingPlanner,edu.sc.csce747.MeetingPlanner,MutationConfig,34,22,5,3,9,6,5,3,1,3
